<?xml version="1.0" encoding="UTF-8"?>
<testsuite name="ArrayUtilsTest" tests="7" skipped="0" failures="0" errors="0" timestamp="2024-03-29T00:28:26" hostname="omotades-mbp-2.acasmart.jh.edu" time="0.021">
  <properties/>
  <testcase name="testFindLastNull()" classname="ArrayUtilsTest" time="0.012"/>
  <testcase name="testFindLastEmpty()" classname="ArrayUtilsTest" time="0.001"/>
  <testcase name="testOddOrPositiveBothPositivesAndNegatives()" classname="ArrayUtilsTest" time="0.0"/>
  <testcase name="testFindLastNonExistent()" classname="ArrayUtilsTest" time="0.001"/>
  <testcase name="testOddOrPosAllPositives()" classname="ArrayUtilsTest" time="0.002"/>
  <testcase name="testOddOrPosNull()" classname="ArrayUtilsTest" time="0.001"/>
  <testcase name="testFindLastExistsFirstElement()" classname="ArrayUtilsTest" time="0.001"/>
  <system-out><![CDATA[]]></system-out>
  <system-err><![CDATA[]]></system-err>
</testsuite>
